\BOOKMARK [1][-]{section.1}{Physikalische Grundlagen}{}% 1
\BOOKMARK [2][-]{subsection.1.1}{Das B\344ndermodell}{section.1}% 2
\BOOKMARK [2][-]{subsection.1.2}{Halbleiter}{section.1}% 3
\BOOKMARK [2][-]{subsection.1.3}{Eigenleitung}{section.1}% 4
\BOOKMARK [2][-]{subsection.1.4}{St\366rstellenleitung}{section.1}% 5
\BOOKMARK [2][-]{subsection.1.5}{p-n-Grenzschicht}{section.1}% 6
\BOOKMARK [2][-]{subsection.1.6}{Halbleiterdiode}{section.1}% 7
\BOOKMARK [2][-]{subsection.1.7}{Transistor}{section.1}% 8
\BOOKMARK [2][-]{subsection.1.8}{Kenngr\366\337en und Kennlinienfelder}{section.1}% 9
\BOOKMARK [2][-]{subsection.1.9}{Spannungsverst\344rkung}{section.1}% 10
\BOOKMARK [2][-]{subsection.1.10}{Arbeitspunkt}{section.1}% 11
\BOOKMARK [2][-]{subsection.1.11}{Stabilisierung}{section.1}% 12
\BOOKMARK [1][-]{section.2}{Aufgabenstellung}{}% 13
\BOOKMARK [1][-]{section.3}{Aufgabe 1}{}% 14
\BOOKMARK [2][-]{subsection.3.1}{Aufbau}{section.3}% 15
\BOOKMARK [1][-]{section.4}{Aufgabe 2}{}% 16
\BOOKMARK [2][-]{subsection.4.1}{Absch\344tzung des Arbeitswiderstandes}{section.4}% 17
\BOOKMARK [2][-]{subsection.4.2}{\334berpr\374fung der Kollektor-Widerstandsgeraden}{section.4}% 18
\BOOKMARK [2][-]{subsection.4.3}{Verst\344rkung eines Sinussignals}{section.4}% 19
\BOOKMARK [1][-]{section.5}{Qellenangabe}{}% 20
